{"E:\\Anyware-task\\server\\src\\app.ts": {"path":"E:\\Anyware-task\\server\\src\\app.ts","statementMap":{"0":{"start":{"line":1,"column":0},"end":{"line":1,"column":30}},"1":{"start":{"line":2,"column":0},"end":{"line":2,"column":30}},"2":{"start":{"line":3,"column":0},"end":{"line":3,"column":24}},"3":{"start":{"line":4,"column":0},"end":{"line":4,"column":28}},"4":{"start":{"line":5,"column":0},"end":{"line":5,"column":28}},"5":{"start":{"line":6,"column":0},"end":{"line":6,"column":65}},"6":{"start":{"line":7,"column":0},"end":{"line":7,"column":49}},"7":{"start":{"line":8,"column":0},"end":{"line":8,"column":49}},"8":{"start":{"line":9,"column":0},"end":{"line":9,"column":53}},"9":{"start":{"line":10,"column":0},"end":{"line":10,"column":28}},"10":{"start":{"line":12,"column":0},"end":{"line":12,"column":16}},"11":{"start":{"line":13,"column":12},"end":{"line":13,"column":21}},"12":{"start":{"line":14,"column":0},"end":{"line":14,"column":18}},"13":{"start":{"line":15,"column":0},"end":{"line":15,"column":51}},"14":{"start":{"line":16,"column":0},"end":{"line":16,"column":23}},"15":{"start":{"line":17,"column":0},"end":{"line":17,"column":24}},"16":{"start":{"line":19,"column":0},"end":{"line":19,"column":59}},"17":{"start":{"line":19,"column":35},"end":{"line":19,"column":57}},"18":{"start":{"line":21,"column":0},"end":{"line":21,"column":33}},"19":{"start":{"line":22,"column":0},"end":{"line":22,"column":50}},"20":{"start":{"line":23,"column":0},"end":{"line":23,"column":36}},"21":{"start":{"line":25,"column":0},"end":{"line":25,"column":22}},"22":{"start":{"line":26,"column":0},"end":{"line":26,"column":19}}},"fnMap":{"0":{"name":"(anonymous_1)","decl":{"start":{"line":19,"column":23},"end":{"line":19,"column":24}},"loc":{"start":{"line":19,"column":35},"end":{"line":19,"column":57}}}},"branchMap":{},"s":{"0":0,"1":0,"2":0,"3":0,"4":0,"5":0,"6":0,"7":0,"8":0,"9":0,"10":0,"11":0,"12":0,"13":0,"14":0,"15":0,"16":0,"17":0,"18":0,"19":0,"20":0,"21":0,"22":0},"f":{"0":0},"b":{}}
,"E:\\Anyware-task\\server\\src\\db.ts": {"path":"E:\\Anyware-task\\server\\src\\db.ts","statementMap":{"0":{"start":{"line":1,"column":0},"end":{"line":1,"column":32}},"1":{"start":{"line":2,"column":0},"end":{"line":2,"column":28}},"2":{"start":{"line":3,"column":0},"end":{"line":3,"column":16}},"3":{"start":{"line":5,"column":12},"end":{"line":5,"column":72}},"4":{"start":{"line":7,"column":0},"end":{"line":7,"column":34}},"5":{"start":{"line":8,"column":0},"end":{"line":14,"column":5}},"6":{"start":{"line":10,"column":14},"end":{"line":10,"column":44}},"7":{"start":{"line":12,"column":4},"end":{"line":12,"column":47}},"8":{"start":{"line":13,"column":4},"end":{"line":13,"column":20}},"9":{"start":{"line":16,"column":0},"end":{"line":16,"column":24}}},"fnMap":{"0":{"name":"(anonymous_1)","decl":{"start":{"line":10,"column":8},"end":{"line":10,"column":11}},"loc":{"start":{"line":10,"column":14},"end":{"line":10,"column":44}}},"1":{"name":"(anonymous_2)","decl":{"start":{"line":11,"column":9},"end":{"line":11,"column":10}},"loc":{"start":{"line":11,"column":15},"end":{"line":14,"column":3}}}},"branchMap":{"0":{"loc":{"start":{"line":5,"column":12},"end":{"line":5,"column":72}},"type":"binary-expr","locations":[{"start":{"line":5,"column":12},"end":{"line":5,"column":33}},{"start":{"line":5,"column":37},"end":{"line":5,"column":72}}]}},"s":{"0":0,"1":0,"2":0,"3":0,"4":0,"5":0,"6":0,"7":0,"8":0,"9":0},"f":{"0":0,"1":0},"b":{"0":[0,0]}}
,"E:\\Anyware-task\\server\\src\\index.ts": {"path":"E:\\Anyware-task\\server\\src\\index.ts","statementMap":{"0":{"start":{"line":1,"column":0},"end":{"line":1,"column":14}},"1":{"start":{"line":2,"column":0},"end":{"line":2,"column":24}},"2":{"start":{"line":4,"column":13},"end":{"line":4,"column":37}},"3":{"start":{"line":5,"column":0},"end":{"line":7,"column":3}},"4":{"start":{"line":6,"column":2},"end":{"line":6,"column":59}}},"fnMap":{"0":{"name":"(anonymous_1)","decl":{"start":{"line":5,"column":17},"end":{"line":5,"column":20}},"loc":{"start":{"line":5,"column":22},"end":{"line":7,"column":1}}}},"branchMap":{"0":{"loc":{"start":{"line":4,"column":13},"end":{"line":4,"column":37}},"type":"binary-expr","locations":[{"start":{"line":4,"column":13},"end":{"line":4,"column":29}},{"start":{"line":4,"column":33},"end":{"line":4,"column":37}}]}},"s":{"0":0,"1":0,"2":0,"3":0,"4":0},"f":{"0":0},"b":{"0":[0,0]}}
,"E:\\Anyware-task\\server\\src\\seed.ts": {"path":"E:\\Anyware-task\\server\\src\\seed.ts","statementMap":{"0":{"start":{"line":1,"column":0},"end":{"line":1,"column":17}},"1":{"start":{"line":2,"column":0},"end":{"line":2,"column":52}},"2":{"start":{"line":3,"column":0},"end":{"line":3,"column":36}},"3":{"start":{"line":5,"column":0},"end":{"line":30,"column":5}},"4":{"start":{"line":6,"column":2},"end":{"line":6,"column":36}},"5":{"start":{"line":7,"column":2},"end":{"line":7,"column":28}},"6":{"start":{"line":8,"column":2},"end":{"line":22,"column":5}},"7":{"start":{"line":24,"column":15},"end":{"line":24,"column":61}},"8":{"start":{"line":25,"column":2},"end":{"line":27,"column":5}},"9":{"start":{"line":28,"column":2},"end":{"line":28,"column":25}},"10":{"start":{"line":29,"column":2},"end":{"line":29,"column":18}}},"fnMap":{"0":{"name":"(anonymous_1)","decl":{"start":{"line":5,"column":1},"end":{"line":5,"column":6}},"loc":{"start":{"line":5,"column":12},"end":{"line":30,"column":1}}}},"branchMap":{},"s":{"0":0,"1":0,"2":0,"3":0,"4":0,"5":0,"6":0,"7":0,"8":0,"9":0,"10":0},"f":{"0":0},"b":{}}
,"E:\\Anyware-task\\server\\src\\controllers\\announcement.controller.ts": {"path":"E:\\Anyware-task\\server\\src\\controllers\\announcement.controller.ts","statementMap":{"0":{"start":{"line":5,"column":0},"end":{"line":5,"column":7}},"1":{"start":{"line":11,"column":0},"end":{"line":11,"column":7}},"2":{"start":{"line":16,"column":0},"end":{"line":16,"column":7}},"3":{"start":{"line":21,"column":0},"end":{"line":21,"column":7}},"4":{"start":{"line":2,"column":0},"end":{"line":2,"column":53}},"5":{"start":{"line":3,"column":0},"end":{"line":3,"column":87}},"6":{"start":{"line":6,"column":16},"end":{"line":6,"column":43}},"7":{"start":{"line":7,"column":17},"end":{"line":7,"column":51}},"8":{"start":{"line":8,"column":16},"end":{"line":8,"column":71}},"9":{"start":{"line":9,"column":2},"end":{"line":9,"column":18}},"10":{"start":{"line":12,"column":15},"end":{"line":12,"column":49}},"11":{"start":{"line":13,"column":15},"end":{"line":13,"column":46}},"12":{"start":{"line":14,"column":2},"end":{"line":14,"column":29}},"13":{"start":{"line":17,"column":15},"end":{"line":17,"column":49}},"14":{"start":{"line":18,"column":15},"end":{"line":18,"column":87}},"15":{"start":{"line":19,"column":2},"end":{"line":19,"column":17}},"16":{"start":{"line":22,"column":2},"end":{"line":22,"column":54}},"17":{"start":{"line":23,"column":2},"end":{"line":23,"column":24}}},"fnMap":{"0":{"name":"list","decl":{"start":{"line":5,"column":22},"end":{"line":5,"column":26}},"loc":{"start":{"line":5,"column":54},"end":{"line":10,"column":1}}},"1":{"name":"create","decl":{"start":{"line":11,"column":22},"end":{"line":11,"column":28}},"loc":{"start":{"line":11,"column":56},"end":{"line":15,"column":1}}},"2":{"name":"update","decl":{"start":{"line":16,"column":22},"end":{"line":16,"column":28}},"loc":{"start":{"line":16,"column":56},"end":{"line":20,"column":1}}},"3":{"name":"remove","decl":{"start":{"line":21,"column":22},"end":{"line":21,"column":28}},"loc":{"start":{"line":21,"column":56},"end":{"line":24,"column":1}}}},"branchMap":{"0":{"loc":{"start":{"line":7,"column":17},"end":{"line":7,"column":51}},"type":"cond-expr","locations":[{"start":{"line":7,"column":21},"end":{"line":7,"column":46}},{"start":{"line":7,"column":49},"end":{"line":7,"column":51}}]}},"s":{"0":0,"1":0,"2":0,"3":0,"4":0,"5":0,"6":0,"7":0,"8":0,"9":0,"10":0,"11":0,"12":0,"13":0,"14":0,"15":0,"16":0,"17":0},"f":{"0":0,"1":0,"2":0,"3":0},"b":{"0":[0,0]}}
,"E:\\Anyware-task\\server\\src\\controllers\\quiz.controller.ts": {"path":"E:\\Anyware-task\\server\\src\\controllers\\quiz.controller.ts","statementMap":{"0":{"start":{"line":5,"column":0},"end":{"line":5,"column":7}},"1":{"start":{"line":9,"column":0},"end":{"line":9,"column":7}},"2":{"start":{"line":14,"column":0},"end":{"line":14,"column":7}},"3":{"start":{"line":19,"column":0},"end":{"line":19,"column":7}},"4":{"start":{"line":2,"column":0},"end":{"line":2,"column":37}},"5":{"start":{"line":3,"column":0},"end":{"line":3,"column":63}},"6":{"start":{"line":6,"column":16},"end":{"line":6,"column":54}},"7":{"start":{"line":7,"column":2},"end":{"line":7,"column":18}},"8":{"start":{"line":10,"column":15},"end":{"line":10,"column":41}},"9":{"start":{"line":11,"column":15},"end":{"line":11,"column":38}},"10":{"start":{"line":12,"column":2},"end":{"line":12,"column":29}},"11":{"start":{"line":15,"column":15},"end":{"line":15,"column":41}},"12":{"start":{"line":16,"column":15},"end":{"line":16,"column":79}},"13":{"start":{"line":17,"column":2},"end":{"line":17,"column":17}},"14":{"start":{"line":20,"column":2},"end":{"line":20,"column":46}},"15":{"start":{"line":21,"column":2},"end":{"line":21,"column":24}}},"fnMap":{"0":{"name":"list","decl":{"start":{"line":5,"column":22},"end":{"line":5,"column":26}},"loc":{"start":{"line":5,"column":54},"end":{"line":8,"column":1}}},"1":{"name":"create","decl":{"start":{"line":9,"column":22},"end":{"line":9,"column":28}},"loc":{"start":{"line":9,"column":56},"end":{"line":13,"column":1}}},"2":{"name":"update","decl":{"start":{"line":14,"column":22},"end":{"line":14,"column":28}},"loc":{"start":{"line":14,"column":56},"end":{"line":18,"column":1}}},"3":{"name":"remove","decl":{"start":{"line":19,"column":22},"end":{"line":19,"column":28}},"loc":{"start":{"line":19,"column":56},"end":{"line":22,"column":1}}}},"branchMap":{},"s":{"0":0,"1":0,"2":0,"3":0,"4":0,"5":0,"6":0,"7":0,"8":0,"9":0,"10":0,"11":0,"12":0,"13":0,"14":0,"15":0},"f":{"0":0,"1":0,"2":0,"3":0},"b":{}}
,"E:\\Anyware-task\\server\\src\\middleware\\auth.ts": {"path":"E:\\Anyware-task\\server\\src\\middleware\\auth.ts","statementMap":{"0":{"start":{"line":5,"column":0},"end":{"line":5,"column":16}},"1":{"start":{"line":2,"column":0},"end":{"line":2,"column":31}},"2":{"start":{"line":3,"column":15},"end":{"line":3,"column":53}},"3":{"start":{"line":6,"column":14},"end":{"line":6,"column":39}},"4":{"start":{"line":7,"column":2},"end":{"line":7,"column":92}},"5":{"start":{"line":7,"column":35},"end":{"line":7,"column":92}},"6":{"start":{"line":8,"column":2},"end":{"line":13,"column":3}},"7":{"start":{"line":9,"column":4},"end":{"line":9,"column":37}},"8":{"start":{"line":10,"column":4},"end":{"line":10,"column":11}},"9":{"start":{"line":12,"column":4},"end":{"line":12,"column":54}}},"fnMap":{"0":{"name":"requireAuth","decl":{"start":{"line":5,"column":16},"end":{"line":5,"column":27}},"loc":{"start":{"line":5,"column":75},"end":{"line":14,"column":1}}}},"branchMap":{"0":{"loc":{"start":{"line":3,"column":15},"end":{"line":3,"column":53}},"type":"binary-expr","locations":[{"start":{"line":3,"column":15},"end":{"line":3,"column":37}},{"start":{"line":3,"column":41},"end":{"line":3,"column":53}}]},"1":{"loc":{"start":{"line":7,"column":2},"end":{"line":7,"column":92}},"type":"if","locations":[{"start":{"line":7,"column":2},"end":{"line":7,"column":92}},{"start":{},"end":{}}]}},"s":{"0":0,"1":0,"2":0,"3":0,"4":0,"5":0,"6":0,"7":0,"8":0,"9":0},"f":{"0":0},"b":{"0":[0,0],"1":[0,0]}}
,"E:\\Anyware-task\\server\\src\\middleware\\error.ts": {"path":"E:\\Anyware-task\\server\\src\\middleware\\error.ts","statementMap":{"0":{"start":{"line":4,"column":0},"end":{"line":4,"column":16}},"1":{"start":{"line":1,"column":0},"end":{"line":1,"column":31}},"2":{"start":{"line":5,"column":2},"end":{"line":7,"column":3}},"3":{"start":{"line":6,"column":4},"end":{"line":6,"column":86}},"4":{"start":{"line":8,"column":2},"end":{"line":8,"column":21}},"5":{"start":{"line":9,"column":2},"end":{"line":9,"column":52}}},"fnMap":{"0":{"name":"errorHandler","decl":{"start":{"line":4,"column":16},"end":{"line":4,"column":28}},"loc":{"start":{"line":4,"column":88},"end":{"line":10,"column":1}}}},"branchMap":{"0":{"loc":{"start":{"line":5,"column":2},"end":{"line":7,"column":3}},"type":"if","locations":[{"start":{"line":5,"column":2},"end":{"line":7,"column":3}},{"start":{},"end":{}}]}},"s":{"0":0,"1":0,"2":0,"3":0,"4":0,"5":0},"f":{"0":0},"b":{"0":[0,0]}}
,"E:\\Anyware-task\\server\\src\\models\\Announcement.ts": {"path":"E:\\Anyware-task\\server\\src\\models\\Announcement.ts","statementMap":{"0":{"start":{"line":1,"column":0},"end":{"line":1,"column":32}},"1":{"start":{"line":3,"column":27},"end":{"line":11,"column":null}},"2":{"start":{"line":15,"column":0},"end":{"line":15,"column":66}}},"fnMap":{},"branchMap":{},"s":{"0":0,"1":0,"2":0},"f":{},"b":{}}
,"E:\\Anyware-task\\server\\src\\models\\Quiz.ts": {"path":"E:\\Anyware-task\\server\\src\\models\\Quiz.ts","statementMap":{"0":{"start":{"line":1,"column":0},"end":{"line":1,"column":32}},"1":{"start":{"line":3,"column":19},"end":{"line":10,"column":null}},"2":{"start":{"line":14,"column":0},"end":{"line":14,"column":50}}},"fnMap":{},"branchMap":{},"s":{"0":0,"1":0,"2":0},"f":{},"b":{}}
,"E:\\Anyware-task\\server\\src\\routes\\announcement.routes.ts": {"path":"E:\\Anyware-task\\server\\src\\routes\\announcement.routes.ts","statementMap":{"0":{"start":{"line":1,"column":0},"end":{"line":1,"column":33}},"1":{"start":{"line":2,"column":0},"end":{"line":2,"column":66}},"2":{"start":{"line":4,"column":15},"end":{"line":4,"column":23}},"3":{"start":{"line":5,"column":0},"end":{"line":5,"column":27}},"4":{"start":{"line":6,"column":0},"end":{"line":6,"column":30}},"5":{"start":{"line":7,"column":0},"end":{"line":7,"column":32}},"6":{"start":{"line":8,"column":0},"end":{"line":8,"column":35}},"7":{"start":{"line":9,"column":0},"end":{"line":9,"column":22}}},"fnMap":{},"branchMap":{},"s":{"0":0,"1":0,"2":0,"3":0,"4":0,"5":0,"6":0,"7":0},"f":{},"b":{}}
,"E:\\Anyware-task\\server\\src\\routes\\auth.routes.ts": {"path":"E:\\Anyware-task\\server\\src\\routes\\auth.routes.ts","statementMap":{"0":{"start":{"line":1,"column":0},"end":{"line":1,"column":33}},"1":{"start":{"line":2,"column":0},"end":{"line":2,"column":31}},"2":{"start":{"line":4,"column":15},"end":{"line":4,"column":23}},"3":{"start":{"line":5,"column":15},"end":{"line":5,"column":53}},"4":{"start":{"line":8,"column":0},"end":{"line":11,"column":3}},"5":{"start":{"line":9,"column":16},"end":{"line":9,"column":91}},"6":{"start":{"line":10,"column":2},"end":{"line":10,"column":22}},"7":{"start":{"line":12,"column":0},"end":{"line":12,"column":62}},"8":{"start":{"line":12,"column":38},"end":{"line":12,"column":60}},"9":{"start":{"line":13,"column":0},"end":{"line":13,"column":22}}},"fnMap":{"0":{"name":"(anonymous_1)","decl":{"start":{"line":8,"column":22},"end":{"line":8,"column":23}},"loc":{"start":{"line":8,"column":35},"end":{"line":11,"column":1}}},"1":{"name":"(anonymous_2)","decl":{"start":{"line":12,"column":23},"end":{"line":12,"column":24}},"loc":{"start":{"line":12,"column":38},"end":{"line":12,"column":60}}}},"branchMap":{"0":{"loc":{"start":{"line":5,"column":15},"end":{"line":5,"column":53}},"type":"binary-expr","locations":[{"start":{"line":5,"column":15},"end":{"line":5,"column":37}},{"start":{"line":5,"column":41},"end":{"line":5,"column":53}}]}},"s":{"0":0,"1":0,"2":0,"3":0,"4":0,"5":0,"6":0,"7":0,"8":0,"9":0},"f":{"0":0,"1":0},"b":{"0":[0,0]}}
,"E:\\Anyware-task\\server\\src\\routes\\quiz.routes.ts": {"path":"E:\\Anyware-task\\server\\src\\routes\\quiz.routes.ts","statementMap":{"0":{"start":{"line":1,"column":0},"end":{"line":1,"column":33}},"1":{"start":{"line":2,"column":0},"end":{"line":2,"column":58}},"2":{"start":{"line":3,"column":15},"end":{"line":3,"column":23}},"3":{"start":{"line":4,"column":0},"end":{"line":4,"column":27}},"4":{"start":{"line":5,"column":0},"end":{"line":5,"column":30}},"5":{"start":{"line":6,"column":0},"end":{"line":6,"column":32}},"6":{"start":{"line":7,"column":0},"end":{"line":7,"column":35}},"7":{"start":{"line":8,"column":0},"end":{"line":8,"column":22}}},"fnMap":{},"branchMap":{},"s":{"0":0,"1":0,"2":0,"3":0,"4":0,"5":0,"6":0,"7":0},"f":{},"b":{}}
,"E:\\Anyware-task\\server\\src\\validators\\announcement.ts": {"path":"E:\\Anyware-task\\server\\src\\validators\\announcement.ts","statementMap":{"0":{"start":{"line":1,"column":0},"end":{"line":1,"column":24}},"1":{"start":{"line":3,"column":13},"end":{"line":9,"column":3}},"2":{"start":{"line":11,"column":13},"end":{"line":11,"column":63}}},"fnMap":{},"branchMap":{},"s":{"0":0,"1":0,"2":0},"f":{},"b":{}}
,"E:\\Anyware-task\\server\\src\\validators\\quiz.ts": {"path":"E:\\Anyware-task\\server\\src\\validators\\quiz.ts","statementMap":{"0":{"start":{"line":1,"column":0},"end":{"line":1,"column":24}},"1":{"start":{"line":3,"column":13},"end":{"line":8,"column":3}},"2":{"start":{"line":9,"column":13},"end":{"line":9,"column":47}}},"fnMap":{},"branchMap":{},"s":{"0":0,"1":0,"2":0},"f":{},"b":{}}
}
